app/proguard-rules.pro
-keep class org.mozilla.javascript.** { *; }
-keep class org.mozilla.classfile.ClassFileWriter
-dontwarn org.mozilla.javascript.tools.**
-keep class org.schabi.newpipe.** { *; }

-dontwarn java.beans.BeanDescriptor
-dontwarn java.beans.BeanInfo
-dontwarn java.beans.IntrospectionException
-dontwarn java.beans.Introspector
-dontwarn java.beans.PropertyDescriptor
-dontwarn javax.script.AbstractScriptEngine
-dontwarn javax.script.Bindings
-dontwarn javax.script.Compilable
-dontwarn javax.script.CompiledScript
-dontwarn javax.script.Invocable
-dontwarn javax.script.ScriptContext
-dontwarn javax.script.ScriptEngine
-dontwarn javax.script.ScriptEngineFactory
-dontwarn javax.script.ScriptException
-dontwarn javax.script.SimpleBindings
-dontwarn jdk.dynalink.CallSiteDescriptor
-dontwarn jdk.dynalink.DynamicLinker
-dontwarn jdk.dynalink.DynamicLinkerFactory
-dontwarn jdk.dynalink.NamedOperation
-dontwarn jdk.dynalink.Namespace
-dontwarn jdk.dynalink.NamespaceOperation
-dontwarn jdk.dynalink.Operation
-dontwarn jdk.dynalink.RelinkableCallSite
-dontwarn jdk.dynalink.StandardNamespace
-dontwarn jdk.dynalink.StandardOperation
-dontwarn jdk.dynalink.linker.GuardedInvocation
-dontwarn jdk.dynalink.linker.GuardingDynamicLinker
-dontwarn jdk.dynalink.linker.LinkRequest
-dontwarn jdk.dynalink.linker.LinkerServices
-dontwarn jdk.dynalink.linker.TypeBasedGuardingDynamicLinker
-dontwarn jdk.dynalink.linker.support.CompositeTypeBasedGuardingDynamicLinker
-dontwarn jdk.dynalink.linker.support.Guards
-dontwarn jdk.dynalink.support.ChainedCallSite