app/build/outputs/mapping/release/configuration.txt
# The proguard configuration file for the following section is release/processReleaseResources/aapt_rules.txt
-keep class androidx.core.app.CoreComponentFactory { <init>(); }
-keep class androidx.profileinstaller.ProfileInstallReceiver { <init>(); }
-keep class androidx.startup.InitializationProvider { <init>(); }
-keep class com.e2dsys.futebolaovivosematraso.App { <init>(); }
-keep class com.e2dsys.futebolaovivosematraso.MainActivity { <init>(); }
-keep class com.e2dsys.futebolaovivosematraso.PlayerActivity { <init>(); }
-keep class com.e2dsys.futebolaovivosematraso.TvMainActivity { <init>(); }
-keep class android.widget.Space { <init>(android.content.Context, android.util.AttributeSet); }

-keep class androidx.appcompat.app.AlertController$RecycleListView { <init>(android.content.Context, android.util.AttributeSet); }

-keep class androidx.appcompat.view.menu.ActionMenuItemView { <init>(android.content.Context, android.util.AttributeSet); }

-keep class androidx.appcompat.view.menu.ExpandedMenuView { <init>(android.content.Context, android.util.AttributeSet); }

-keep class androidx.appcompat.view.menu.ListMenuItemView { <init>(android.content.Context, android.util.AttributeSet); }

-keep class androidx.appcompat.widget.ActionBarContainer { <init>(android.content.Context, android.util.AttributeSet); }

-keep class androidx.appcompat.widget.ActionBarContextView { <init>(android.content.Context, android.util.AttributeSet); }

-keep class androidx.appcompat.widget.ActionBarOverlayLayout { <init>(android.content.Context, android.util.AttributeSet); }

-keep class androidx.appcompat.widget.ActionMenuView { <init>(android.content.Context, android.util.AttributeSet); }

-keep class androidx.appcompat.widget.ActivityChooserView$InnerLayout { <init>(android.content.Context, android.util.AttributeSet); }

-keep class androidx.appcompat.widget.AlertDialogLayout { <init>(android.content.Context, android.util.AttributeSet); }

-keep class androidx.appcompat.widget.ButtonBarLayout { <init>(android.content.Context, android.util.AttributeSet); }

-keep class androidx.appcompat.widget.ContentFrameLayout { <init>(android.content.Context, android.util.AttributeSet); }

-keep class androidx.appcompat.widget.DialogTitle { <init>(android.content.Context, android.util.AttributeSet); }

-keep class androidx.appcompat.widget.FitWindowsFrameLayout { <init>(android.content.Context, android.util.AttributeSet); }

-keep class androidx.appcompat.widget.FitWindowsLinearLayout { <init>(android.content.Context, android.util.AttributeSet); }

-keep class androidx.appcompat.widget.SearchView$SearchAutoComplete { <init>(android.content.Context, android.util.AttributeSet); }

-keep class androidx.appcompat.widget.SwitchCompat { <init>(android.content.Context, android.util.AttributeSet); }

-keep class androidx.appcompat.widget.Toolbar { <init>(android.content.Context, android.util.AttributeSet); }

-keep class androidx.appcompat.widget.ViewStubCompat { <init>(android.content.Context, android.util.AttributeSet); }

-keep class androidx.core.widget.NestedScrollView { <init>(android.content.Context, android.util.AttributeSet); }

-keep class androidx.leanback.app.GuidedStepRootLayout { <init>(android.content.Context, android.util.AttributeSet); }

-keep class androidx.leanback.preference.LeanbackSettingsRootView { <init>(android.content.Context, android.util.AttributeSet); }

-keep class androidx.leanback.preference.internal.OutlineOnlyWithChildrenFrameLayout { <init>(android.content.Context, android.util.AttributeSet); }

-keep class androidx.leanback.transition.FadeAndShortSlide { <init>(android.content.Context, android.util.AttributeSet); }

-keep class androidx.leanback.transition.ParallaxTransition { <init>(android.content.Context, android.util.AttributeSet); }

-keep class androidx.leanback.transition.SlideKitkat { <init>(android.content.Context, android.util.AttributeSet); }

-keep class androidx.leanback.transition.SlideNoPropagation { <init>(android.content.Context, android.util.AttributeSet); }

-keep class androidx.leanback.widget.BrowseFrameLayout { <init>(android.content.Context, android.util.AttributeSet); }

-keep class androidx.leanback.widget.BrowseRowsFrameLayout { <init>(android.content.Context, android.util.AttributeSet); }

-keep class androidx.leanback.widget.CheckableImageView { <init>(android.content.Context, android.util.AttributeSet); }

-keep class androidx.leanback.widget.ControlBar { <init>(android.content.Context, android.util.AttributeSet); }

-keep class androidx.leanback.widget.GuidanceStylingRelativeLayout { <init>(android.content.Context, android.util.AttributeSet); }

-keep class androidx.leanback.widget.GuidedActionEditText { <init>(android.content.Context, android.util.AttributeSet); }

-keep class androidx.leanback.widget.GuidedActionItemContainer { <init>(android.content.Context, android.util.AttributeSet); }

-keep class androidx.leanback.widget.GuidedActionsRelativeLayout { <init>(android.content.Context, android.util.AttributeSet); }

-keep class androidx.leanback.widget.HorizontalGridView { <init>(android.content.Context, android.util.AttributeSet); }

-keep class androidx.leanback.widget.MediaNowPlayingView { <init>(android.content.Context, android.util.AttributeSet); }

-keep class androidx.leanback.widget.MediaRowFocusView { <init>(android.content.Context, android.util.AttributeSet); }

-keep class androidx.leanback.widget.NonOverlappingFrameLayout { <init>(android.content.Context, android.util.AttributeSet); }

-keep class androidx.leanback.widget.NonOverlappingLinearLayout { <init>(android.content.Context, android.util.AttributeSet); }

-keep class androidx.leanback.widget.NonOverlappingRelativeLayout { <init>(android.content.Context, android.util.AttributeSet); }

-keep class androidx.leanback.widget.NonOverlappingView { <init>(android.content.Context, android.util.AttributeSet); }

-keep class androidx.leanback.widget.PagingIndicator { <init>(android.content.Context, android.util.AttributeSet); }

-keep class androidx.leanback.widget.PlaybackControlsRowView { <init>(android.content.Context, android.util.AttributeSet); }

-keep class androidx.leanback.widget.PlaybackTransportRowView { <init>(android.content.Context, android.util.AttributeSet); }

-keep class androidx.leanback.widget.ResizingTextView { <init>(android.content.Context, android.util.AttributeSet); }

-keep class androidx.leanback.widget.RowHeaderView { <init>(android.content.Context, android.util.AttributeSet); }

-keep class androidx.leanback.widget.ScaleFrameLayout { <init>(android.content.Context, android.util.AttributeSet); }

-keep class androidx.leanback.widget.SearchBar { <init>(android.content.Context, android.util.AttributeSet); }

-keep class androidx.leanback.widget.SearchEditText { <init>(android.content.Context, android.util.AttributeSet); }

-keep class androidx.leanback.widget.SearchOrbView { <init>(android.content.Context, android.util.AttributeSet); }

-keep class androidx.leanback.widget.SeekBar { <init>(android.content.Context, android.util.AttributeSet); }

-keep class androidx.leanback.widget.SpeechOrbView { <init>(android.content.Context, android.util.AttributeSet); }

-keep class androidx.leanback.widget.ThumbsBar { <init>(android.content.Context, android.util.AttributeSet); }

-keep class androidx.leanback.widget.TitleView { <init>(android.content.Context, android.util.AttributeSet); }

-keep class androidx.leanback.widget.VerticalGridView { <init>(android.content.Context, android.util.AttributeSet); }

-keep class androidx.leanback.widget.VideoSurfaceView { <init>(android.content.Context, android.util.AttributeSet); }

-keep class androidx.leanback.widget.picker.DatePicker { <init>(android.content.Context, android.util.AttributeSet); }

-keep class androidx.media3.ui.AspectRatioFrameLayout { <init>(android.content.Context, android.util.AttributeSet); }

-keep class androidx.media3.ui.SubtitleView { <init>(android.content.Context, android.util.AttributeSet); }

-keep class androidx.media3.ui.TrackSelectionView { <init>(android.content.Context, android.util.AttributeSet); }

-keep class androidx.preference.UnPressableLinearLayout { <init>(android.content.Context, android.util.AttributeSet); }

-keep class androidx.preference.internal.PreferenceImageView { <init>(android.content.Context, android.util.AttributeSet); }

-keep class androidx.recyclerview.widget.RecyclerView { <init>(android.content.Context, android.util.AttributeSet); }


# End of content from release/processReleaseResources/aapt_rules.txt
# The proguard configuration file for the following section is default_proguard_files/global/proguard-android-optimize.txt-8.8.0
# This is a configuration file for ProGuard.
# http://proguard.sourceforge.net/index.html#manual/usage.html
#
# Starting with version 2.2 of the Android plugin for Gradle, this file is distributed together with
# the plugin and unpacked at build-time. The files in $ANDROID_HOME are no longer maintained and
# will be ignored by new version of the Android plugin for Gradle.

# Optimizations: If you don't want to optimize, use the proguard-android.txt configuration file
# instead of this one, which turns off the optimization flags.
-allowaccessmodification

# Preserve some attributes that may be required for reflection.
-keepattributes AnnotationDefault,
                EnclosingMethod,
                InnerClasses,
                RuntimeVisibleAnnotations,
                RuntimeVisibleParameterAnnotations,
                RuntimeVisibleTypeAnnotations,
                Signature

-keep public class com.google.vending.licensing.ILicensingService
-keep public class com.android.vending.licensing.ILicensingService
-keep public class com.google.android.vending.licensing.ILicensingService
-dontnote com.android.vending.licensing.ILicensingService
-dontnote com.google.vending.licensing.ILicensingService
-dontnote com.google.android.vending.licensing.ILicensingService

# For native methods, see https://www.guardsquare.com/manual/configuration/examples#native
-keepclasseswithmembernames,includedescriptorclasses class * {
    native <methods>;
}

# Keep setters in Views so that animations can still work.
-keepclassmembers public class * extends android.view.View {
    void set*(***);
    *** get*();
}

# We want to keep methods in Activity that could be used in the XML attribute onClick.
-keepclassmembers class * extends android.app.Activity {
    public void *(android.view.View);
}

# For enumeration classes, see https://www.guardsquare.com/manual/configuration/examples#enumerations
-keepclassmembers enum * {
    public static **[] values();
    public static ** valueOf(java.lang.String);
}

-keepclassmembers class * implements android.os.Parcelable {
    public static final ** CREATOR;
}

# Preserve annotated Javascript interface methods.
-keepclassmembers class * {
    @android.webkit.JavascriptInterface <methods>;
}

# The support libraries contains references to newer platform versions.
# Don't warn about those in case this app is linking against an older
# platform version. We know about them, and they are safe.
-dontnote android.support.**
-dontnote androidx.**
-dontwarn android.support.**
-dontwarn androidx.**

# Understand the @Keep support annotation.
-keep class android.support.annotation.Keep

-keep @android.support.annotation.Keep class * {*;}

-keepclasseswithmembers class * {
    @android.support.annotation.Keep <methods>;
}

-keepclasseswithmembers class * {
    @android.support.annotation.Keep <fields>;
}

-keepclasseswithmembers class * {
    @android.support.annotation.Keep <init>(...);
}

# These classes are duplicated between android.jar and org.apache.http.legacy.jar.
-dontnote org.apache.http.**
-dontnote android.net.http.**

# These classes are duplicated between android.jar and core-lambda-stubs.jar.
-dontnote java.lang.invoke.**

# End of content from default_proguard_files/global/proguard-android-optimize.txt-8.8.0
# The proguard configuration file for the following section is FutebolAoVivoSemAtraso/app/proguard-rules.pro
-keep class org.mozilla.javascript.** { *; }
-keep class org.mozilla.classfile.ClassFileWriter
-dontwarn org.mozilla.javascript.tools.**
-keep class org.schabi.newpipe.** { *; }

-dontwarn java.beans.BeanDescriptor
-dontwarn java.beans.BeanInfo
-dontwarn java.beans.IntrospectionException
-dontwarn java.beans.Introspector
-dontwarn java.beans.PropertyDescriptor
-dontwarn javax.script.AbstractScriptEngine
-dontwarn javax.script.Bindings
-dontwarn javax.script.Compilable
-dontwarn javax.script.CompiledScript
-dontwarn javax.script.Invocable
-dontwarn javax.script.ScriptContext
-dontwarn javax.script.ScriptEngine
-dontwarn javax.script.ScriptEngineFactory
-dontwarn javax.script.ScriptException
-dontwarn javax.script.SimpleBindings
-dontwarn jdk.dynalink.CallSiteDescriptor
-dontwarn jdk.dynalink.DynamicLinker
-dontwarn jdk.dynalink.DynamicLinkerFactory
-dontwarn jdk.dynalink.NamedOperation
-dontwarn jdk.dynalink.Namespace
-dontwarn jdk.dynalink.NamespaceOperation
-dontwarn jdk.dynalink.Operation
-dontwarn jdk.dynalink.RelinkableCallSite
-dontwarn jdk.dynalink.StandardNamespace
-dontwarn jdk.dynalink.StandardOperation
-dontwarn jdk.dynalink.linker.GuardedInvocation
-dontwarn jdk.dynalink.linker.GuardingDynamicLinker
-dontwarn jdk.dynalink.linker.LinkRequest
-dontwarn jdk.dynalink.linker.LinkerServices
-dontwarn jdk.dynalink.linker.TypeBasedGuardingDynamicLinker
-dontwarn jdk.dynalink.linker.support.CompositeTypeBasedGuardingDynamicLinker
-dontwarn jdk.dynalink.linker.support.Guards
-dontwarn jdk.dynalink.support.ChainedCallSite

# End of content from FutebolAoVivoSemAtraso/app/proguard-rules.pro
# The proguard configuration file for the following section is transformed/leanback-preference-1.2.0/proguard.txt
# Intentionally empty proguard rules to indicate this library is safe to shrink

# End of content from transformed/leanback-preference-1.2.0/proguard.txt
# The proguard configuration file for the following section is transformed/leanback-grid-1.0.0/proguard.txt
# Intentionally empty proguard rules to indicate this library is safe to shrink

# End of content from transformed/leanback-grid-1.0.0/proguard.txt
# The proguard configuration file for the following section is transformed/leanback-1.2.0/proguard.txt
# Intentionally empty proguard rules to indicate this library is safe to shrink

# End of content from transformed/leanback-1.2.0/proguard.txt
# The proguard configuration file for the following section is transformed/preference-1.1.0/proguard.txt
# Copyright (C) 2015 The Android Open Source Project
#
# Licensed under the Apache License, Version 2.0 (the "License");
# you may not use this file except in compliance with the License.
# You may obtain a copy of the License at
#
#      http://www.apache.org/licenses/LICENSE-2.0
#
# Unless required by applicable law or agreed to in writing, software
# distributed under the License is distributed on an "AS IS" BASIS,
# WITHOUT WARRANTIES OR CONDITIONS OF ANY KIND, either express or implied.
# See the License for the specific language governing permissions and
# limitations under the License.

# Preference objects are inflated via reflection
-keep public class androidx.preference.Preference {
    public <init>(android.content.Context, android.util.AttributeSet);
}
-keep public class * extends androidx.preference.Preference {
    public <init>(android.content.Context, android.util.AttributeSet);
}

# End of content from transformed/preference-1.1.0/proguard.txt
# The proguard configuration file for the following section is transformed/appcompat-1.7.0/proguard.txt
# Copyright (C) 2018 The Android Open Source Project
#
# Licensed under the Apache License, Version 2.0 (the "License");
# you may not use this file except in compliance with the License.
# You may obtain a copy of the License at
#
#      http://www.apache.org/licenses/LICENSE-2.0
#
# Unless required by applicable law or agreed to in writing, software
# distributed under the License is distributed on an "AS IS" BASIS,
# WITHOUT WARRANTIES OR CONDITIONS OF ANY KIND, either express or implied.
# See the License for the specific language governing permissions and
# limitations under the License.

# Never inline methods, but allow shrinking and obfuscation.
-keepclassmembernames,allowobfuscation,allowshrinking class androidx.appcompat.widget.AppCompatTextViewAutoSizeHelper$Impl* {
  <methods>;
}

# End of content from transformed/appcompat-1.7.0/proguard.txt
# The proguard configuration file for the following section is transformed/fragment-1.5.4/proguard.txt
# Copyright (C) 2020 The Android Open Source Project
#
# Licensed under the Apache License, Version 2.0 (the "License");
# you may not use this file except in compliance with the License.
# You may obtain a copy of the License at
#
#      http://www.apache.org/licenses/LICENSE-2.0
#
# Unless required by applicable law or agreed to in writing, software
# distributed under the License is distributed on an "AS IS" BASIS,
# WITHOUT WARRANTIES OR CONDITIONS OF ANY KIND, either express or implied.
# See the License for the specific language governing permissions and
# limitations under the License.

# The default FragmentFactory creates Fragment instances using reflection
-if public class ** extends androidx.fragment.app.Fragment
-keepclasseswithmembers,allowobfuscation public class <1> {
    public <init>();
}

# End of content from transformed/fragment-1.5.4/proguard.txt
# The proguard configuration file for the following section is transformed/material3/proguard.txt
# Intentionally empty proguard rules to indicate this library is safe to shrink

# End of content from transformed/material3/proguard.txt
# The proguard configuration file for the following section is transformed/animation-core/proguard.txt
# Copyright (C) 2020 The Android Open Source Project
#
# Licensed under the Apache License, Version 2.0 (the "License");
# you may not use this file except in compliance with the License.
# You may obtain a copy of the License at
#
#      http://www.apache.org/licenses/LICENSE-2.0
#
# Unless required by applicable law or agreed to in writing, software
# distributed under the License is distributed on an "AS IS" BASIS,
# WITHOUT WARRANTIES OR CONDITIONS OF ANY KIND, either express or implied.
# See the License for the specific language governing permissions and
# limitations under the License.

# Keep all the functions created to throw an exception. We don't want these functions to be
# inlined in any way, which R8 will do by default. The whole point of these functions is to
# reduce the amount of code generated at the call site.
-keepclassmembers,allowshrinking,allowobfuscation class androidx.compose.**.* {
    static void throw*Exception(...);
    static void throw*ExceptionForNullCheck(...);
    # For methods returning Nothing
    static java.lang.Void throw*Exception(...);
    static java.lang.Void throw*ExceptionForNullCheck(...);
}

# End of content from transformed/animation-core/proguard.txt
# The proguard configuration file for the following section is transformed/material-ripple/proguard.txt
# Intentionally empty proguard rules to indicate this library is safe to shrink

# End of content from transformed/material-ripple/proguard.txt
# The proguard configuration file for the following section is transformed/animation/proguard.txt
# Intentionally empty proguard rules to indicate this library is safe to shrink

# End of content from transformed/animation/proguard.txt
# The proguard configuration file for the following section is transformed/foundation-layout/proguard.txt
# Copyright (C) 2020 The Android Open Source Project
#
# Licensed under the Apache License, Version 2.0 (the "License");
# you may not use this file except in compliance with the License.
# You may obtain a copy of the License at
#
#      http://www.apache.org/licenses/LICENSE-2.0
#