app/build/outputs/mapping/release/seeds.txt
com.e2dsys.futebolaovivosematraso.App
com.e2dsys.futebolaovivosematraso.TvMainActivity
com.e2dsys.futebolaovivosematraso.PlayerActivity
com.e2dsys.futebolaovivosematraso.MainActivity
com.e2dsys.futebolaovivosematraso.App: App()
com.e2dsys.futebolaovivosematraso.PlayerActivity$JsBridge: void onError(java.lang.String)
com.e2dsys.futebolaovivosematraso.PlayerActivity: PlayerActivity()
com.e2dsys.futebolaovivosematraso.PlayerActivity$JsBridge: void onSpeedChange(int,double)
com.e2dsys.futebolaovivosematraso.TvMainActivity: TvMainActivity()
com.e2dsys.futebolaovivosematraso.MainActivity: MainActivity()
...
org.mozilla.javascript.NativeSet: int Id_delete
org.mozilla.javascript.TokenStream: org.mozilla.javascript.Parser parser
org.mozilla.javascript.NativeError: java.lang.Object ERROR_TAG
org.schabi.newpipe.extractor.services.youtube.extractors.YoutubeChannelTabExtractor$1: java.lang.String val$channelName
org.mozilla.javascript.RhinoException: java.lang.String sourceName
org.mozilla.javascript.Token: int LEAVEWITH
org.schabi.newpipe.extractor.utils.jsextractor.Lexer$MetaToken: int lineno
org.mozilla.javascript.Icode: int Icode_VALUE_AND_THIS_OPTIONAL
org.schabi.newpipe.extractor.timeago.patterns.zu: java.lang.String[] WEEKS
org.mozilla.javascript.optimizer.Codegen: java.util.List directCallTargets
org.schabi.newpipe.extractor.timeago.patterns.nl: java.lang.String[] HOURS
org.mozilla.javascript.Icode: int Icode_TYPEOFNAME
org.mozilla.javascript.NativePromise$State: org.mozilla.javascript.NativePromise$State PENDING
org.schabi.newpipe.extractor.timeago.patterns.lo: org.schabi.newpipe.extractor.timeago.patterns.lo INSTANCE
org.mozilla.javascript.NativeString: int Id_trimStart
org.mozilla.javascript.regexp.NativeRegExp: byte REOP_OPT
org.schabi.newpipe.extractor.timeago.patterns.az: java.lang.String[] HOURS
org.mozilla.javascript.NativeNumber: double MIN_SAFE_INTEGER
org.mozilla.javascript.ast.XmlString: java.lang.String xml
org.mozilla.javascript.ast.ScriptNode: java.util.List templateLiterals
org.mozilla.javascript.Token: int SHNE
org.mozilla.javascript.optimizer.Codegen: java.lang.String mainClassSignature
org.mozilla.javascript.Slot: int indexOrHash
androidx.recyclerview.widget.StaggeredGridLayoutManager$SavedState: android.os.Parcelable$Creator CREATOR
org.mozilla.javascript.Token: int IMPORT
org.schabi.newpipe.extractor.timeago.patterns.el: java.lang.String[] HOURS
org.mozilla.javascript.NativeString: int ConstructorId_charAt
org.mozilla.javascript.ast.FunctionNode: org.mozilla.javascript.ast.Name functionName
org.mozilla.javascript.Node$NodeIterator: org.mozilla.javascript.Node cursor
org.schabi.newpipe.extractor.timeago.patterns.es: java.lang.String[] MONTHS
org.mozilla.javascript.optimizer.RhinoOperation: org.mozilla.javascript.optimizer.RhinoOperation ADD
org.mozilla.javascript.Context: boolean interpretedMode
org.mozilla.javascript.regexp.CompilerState: org.mozilla.javascript.Context cx
org.schabi.newpipe.extractor.stream.StreamInfoItem: java.lang.String shortDescription
org.schabi.newpipe.extractor.timeago.patterns.fr_CA: java.lang.String[] SECONDS
org.mozilla.javascript.NativeJavaList: java.util.List list
org.mozilla.javascript.SlotMapContainer: org.mozilla.javascript.SlotMap map
org.schabi.newpipe.extractor.channel.ChannelInfo: long subscriberCount
org.mozilla.javascript.TopLevel$Builtins: org.mozilla.javascript.TopLevel$Builtins Error
org.schabi.newpipe.extractor.stream.AudioStream$Builder: java.lang.String manifestUrl
org.mozilla.javascript.NativeArray$2: org.mozilla.javascript.NativeArray this$0
org.mozilla.javascript.Node: int BOTH
org.mozilla.javascript.NativeJavaConstructor: org.mozilla.javascript.MemberBox ctor
org.schabi.newpipe.extractor.utils.jsextractor.EcmaScriptTokenStream: boolean dirtyLine
org.mozilla.javascript.JavaAdapter: int Id_JavaAdapter
org.schabi.newpipe.extractor.linkhandler.ListLinkHandler: java.lang.String sortFilter
org.mozilla.javascript.NativeArray: long length
org.mozilla.javascript.InterpreterData: int itsMaxLocals
org.schabi.newpipe.extractor.timeago.patterns.sr: java.lang.String[] WEEKS
org.mozilla.javascript.Node: int LOCAL_BLOCK_PROP
org.mozilla.javascript.Parser$PerFunctionVariables: java.util.List savedLoopAndSwitchSet
org.mozilla.javascript.TokenStream: java.io.Reader sourceReader
org.mozilla.javascript.NativeJSON: int MAX_STRINGIFY_GAP_LENGTH
org.mozilla.javascript.Icode: int Icode_PROP_AND_THIS
org.schabi.newpipe.extractor.timeago.patterns.pt_PT: java.lang.String[] MONTHS
org.mozilla.javascript.NativeString: int Id_sub